<?xml version="1.0" encoding="UTF-8"?>
<!-- Generated by org.testng.reporters.JUnitXMLReporter -->
<testsuite hostname="Ankit-PC" ignored="0" name="FirefoxTest" tests="4" failures="0" timestamp="2020-09-15T11:14:27 EDT" time="0.169" errors="0">
  <testcase name="@BeforeTest openApplication" time="0.069" classname="demo.CrossBrowser">
    <failure type="org.openqa.selenium.WebDriverException" message="Cannot find firefox binary in PATH. Make sure firefox is installed. OS appears to be: WIN10
Build info: version: &amp;apos;3.141.59&amp;apos;, revision: &amp;apos;e82be7d358&amp;apos;, time: &amp;apos;2018-11-14T08:25:48&amp;apos;
System info: host: &amp;apos;ANKIT-PC&amp;apos;, ip: &amp;apos;10.88.111.11&amp;apos;, os.name: &amp;apos;Windows 10&amp;apos;, os.arch: &amp;apos;amd64&amp;apos;, os.version: &amp;apos;10.0&amp;apos;, java.version: &amp;apos;1.8.0_191&amp;apos;
Driver info: driver.version: FirefoxDriver">
      <![CDATA[org.openqa.selenium.WebDriverException: Cannot find firefox binary in PATH. Make sure firefox is installed. OS appears to be: WIN10
Build info: version: '3.141.59', revision: 'e82be7d358', time: '2018-11-14T08:25:48'
System info: host: 'ANKIT-PC', ip: '10.88.111.11', os.name: 'Windows 10', os.arch: 'amd64', os.version: '10.0', java.version: '1.8.0_191'
Driver info: driver.version: FirefoxDriver
at org.openqa.selenium.firefox.FirefoxBinary.<init>(FirefoxBinary.java:100)
at java.util.Optional.orElseGet(Unknown Source)
at org.openqa.selenium.firefox.FirefoxOptions.getBinary(FirefoxOptions.java:216)
at org.openqa.selenium.firefox.FirefoxDriver.toExecutor(FirefoxDriver.java:187)
at org.openqa.selenium.firefox.FirefoxDriver.<init>(FirefoxDriver.java:147)
at org.openqa.selenium.firefox.FirefoxDriver.<init>(FirefoxDriver.java:125)
at demo.CrossBrowser.openApplication(CrossBrowser.java:34)
... Removed 24 stack frames]]>
    </failure>
  </testcase> <!-- @BeforeTest openApplication -->
  <testcase name="@AfterTest closeApplication" time="-1.600182866939E9" classname="demo.CrossBrowser">
    <skipped/>
  </testcase> <!-- @AfterTest closeApplication -->
  <testcase name="verifyPageTitle" time="0.0" classname="demo.CrossBrowser">
    <skipped/>
  </testcase> <!-- verifyPageTitle -->
  <testcase name="verifyText" time="0.0" classname="demo.CrossBrowser">
    <skipped/>
  </testcase> <!-- verifyText -->
  <testcase name="loginBtnVisibility" time="0.0" classname="demo.CrossBrowser">
    <skipped/>
  </testcase> <!-- loginBtnVisibility -->
  <testcase name="searchBtnEnabled" time="0.0" classname="demo.CrossBrowser">
    <skipped/>
  </testcase> <!-- searchBtnEnabled -->
</testsuite> <!-- FirefoxTest -->
